#
# There is insufficient memory for the Java Runtime Environment to continue.
# Native memory allocation (malloc) failed to allocate 867856 bytes for Chunk::new
# Possible reasons:
#   The system is out of physical RAM or swap space
#   The process is running with CompressedOops enabled, and the Java Heap may be blocking the growth of the native heap
# Possible solutions:
#   Reduce memory load on the system
#   Increase physical memory or swap space
#   Check if swap backing store is full
#   Decrease Java heap size (-Xmx/-Xms)
#   Decrease number of Java threads
#   Decrease Java thread stack sizes (-Xss)
#   Set larger code cache with -XX:ReservedCodeCacheSize=
#   JVM is running with Unscaled Compressed Oops mode in which the Java heap is
#     placed in the first 4GB address space. The Java Heap base address is the
#     maximum limit for the native heap growth. Please use -XX:HeapBaseMinAddress
#     to set the Java Heap base and to place the Java Heap above 4GB virtual address.
# This output file may be truncated or incomplete.
#
#  Out of Memory Error (allocation.cpp:389), pid=676, tid=0x0000000000000abc
#
# JRE version: OpenJDK Runtime Environment (8.0_242-b01) (build 1.8.0_242-release-1644-b01)
# Java VM: OpenJDK 64-Bit Server VM (25.242-b01 mixed mode windows-amd64 compressed oops)
# Failed to write core dump. Minidumps are not enabled by default on client versions of Windows
#

---------------  T H R E A D  ---------------

Current thread (0x0000000017e83000):  JavaThread "C2 CompilerThread0" daemon [_thread_in_native, id=2748, stack(0x00000000191e0000,0x00000000192e0000)]

Stack: [0x00000000191e0000,0x00000000192e0000]
[error occurred during error reporting (printing stack bounds), id 0xc0000005]

Native frames: (J=compiled Java code, j=interpreted, Vv=VM code, C=native code)


Current CompileTask:
C2:  33763 7840       4       org.gradle.internal.fingerprint.classpath.impl.ClasspathFingerprintingStrategy$ClasspathContentFingerprintingVisitor::visitFile (69 bytes)


---------------  P R O C E S S  ---------------

Java Threads: ( => current thread )
  0x000000001ea43800 JavaThread "stdout" [_thread_in_native, id=11552, stack(0x0000000023650000,0x0000000023750000)]
  0x000000001ea40800 JavaThread "stderr" [_thread_in_native, id=11672, stack(0x0000000023550000,0x0000000023650000)]
  0x000000001ea43000 JavaThread "pool-2-thread-1" [_thread_blocked, id=64, stack(0x0000000023450000,0x0000000023550000)]
  0x000000001ea44800 JavaThread "WorkerExecutor Queue" [_thread_blocked, id=9988, stack(0x0000000023350000,0x0000000023450000)]
  0x000000001ea39000 JavaThread "Cache worker for execution history cache (C:\Users\Lenovo\Desktop\SegundaActivdad\.gradle\6.1.1\executionHistory)" [_thread_blocked, id=1864, stack(0x0000000022f50000,0x0000000023050000)]
  0x000000001ea40000 JavaThread "Execution worker for ':' Thread 2" [_thread_in_native, id=12632, stack(0x0000000022c50000,0x0000000022d50000)]
  0x000000001ea38800 JavaThread "Execution worker for ':'" [_thread_blocked, id=3164, stack(0x0000000022b50000,0x0000000022c50000)]
  0x000000001ea3b800 JavaThread "Cache worker for file content cache (C:\Users\Lenovo\Desktop\SegundaActivdad\.gradle\6.1.1\fileContent)" [_thread_blocked, id=1216, stack(0x0000000022650000,0x0000000022750000)]
  0x000000001ea3d000 JavaThread "Cache worker for file content cache (C:\Users\Lenovo\.gradle\caches\6.1.1\fileContent)" [_thread_blocked, id=4868, stack(0x0000000022550000,0x0000000022650000)]
  0x000000001ea3d800 JavaThread "Memory manager" [_thread_blocked, id=1424, stack(0x0000000022450000,0x0000000022550000)]
  0x000000001ea3a800 JavaThread "Cache worker for Build Output Cleanup Cache (C:\Users\Lenovo\Desktop\SegundaActivdad\.gradle\buildOutputCleanup)" [_thread_blocked, id=9984, stack(0x0000000021950000,0x0000000021a50000)]
  0x000000001ea3f000 JavaThread "Build operations Thread 3" [_thread_blocked, id=10900, stack(0x0000000021250000,0x0000000021350000)]
  0x000000001ea3e800 JavaThread "Build operations Thread 2" [_thread_blocked, id=11236, stack(0x0000000020ed0000,0x0000000020fd0000)]
  0x000000001ea3c000 JavaThread "Build operations" [_thread_blocked, id=236, stack(0x0000000020dd0000,0x0000000020ed0000)]
  0x000000001b5c6800 JavaThread "Cache worker for execution history cache (C:\Users\Lenovo\.gradle\caches\6.1.1\executionHistory)" [_thread_blocked, id=6700, stack(0x000000001f300000,0x000000001f400000)]
  0x000000001b5c3000 JavaThread "Cache worker for cache directory md-rule (C:\Users\Lenovo\.gradle\caches\6.1.1\md-rule)" [_thread_blocked, id=2628, stack(0x000000001f200000,0x000000001f300000)]
  0x000000001b5c5000 JavaThread "Cache worker for cache directory md-supplier (C:\Users\Lenovo\.gradle\caches\6.1.1\md-supplier)" [_thread_blocked, id=7772, stack(0x000000001f100000,0x000000001f200000)]
  0x000000001b5c9800 JavaThread "Cache worker for file hash cache (C:\Users\Lenovo\Desktop\SegundaActivdad\.gradle\6.1.1\fileHashes)" [_thread_blocked, id=9436, stack(0x000000001ec00000,0x000000001ed00000)]
  0x000000001b5c6000 JavaThread "Cache worker for checksums cache (C:\Users\Lenovo\Desktop\SegundaActivdad\.gradle\checksums)" [_thread_blocked, id=3308, stack(0x000000001eb00000,0x000000001ec00000)]
  0x000000001b5c9000 JavaThread "Cache worker for file hash cache (C:\Users\Lenovo\.gradle\caches\6.1.1\fileHashes)" [_thread_blocked, id=10180, stack(0x000000001d830000,0x000000001d930000)]
  0x000000001b5c8000 JavaThread "File lock request listener" [_thread_in_native, id=3004, stack(0x000000001d730000,0x000000001d830000)]
  0x000000001a318800 JavaThread "Cache worker for journal cache (C:\Users\Lenovo\.gradle\caches\journal-1)" [_thread_blocked, id=6004, stack(0x000000001d630000,0x000000001d730000)]
  0x000000001b31a800 JavaThread "Thread-9" [_thread_blocked, id=10964, stack(0x000000001d330000,0x000000001d430000)]
  0x000000001b364000 JavaThread "Stdin handler" [_thread_blocked, id=8180, stack(0x000000001d230000,0x000000001d330000)]
  0x000000001b360800 JavaThread "Asynchronous log dispatcher for DefaultDaemonConnection: socket connection from /127.0.0.1:56786 to /127.0.0.1:56787" [_thread_blocked, id=7276, stack(0x000000001d130000,0x000000001d230000)]
  0x000000001b35f000 JavaThread "Daemon worker" [_thread_blocked, id=7432, stack(0x000000001d030000,0x000000001d130000)]
  0x000000001b394000 JavaThread "Cancel handler" [_thread_blocked, id=7956, stack(0x000000001cf30000,0x000000001d030000)]
  0x000000001b287800 JavaThread "Handler for socket connection from /127.0.0.1:56786 to /127.0.0.1:56787" [_thread_in_native, id=7136, stack(0x000000001cc30000,0x000000001cd30000)]
  0x000000001b289800 JavaThread "Daemon" [_thread_blocked, id=12536, stack(0x000000001cb30000,0x000000001cc30000)]
  0x000000001b287000 JavaThread "Daemon periodic checks" [_thread_blocked, id=10332, stack(0x000000001ca30000,0x000000001cb30000)]
  0x000000001b262800 JavaThread "Incoming local TCP Connector on port 56786" [_thread_in_native, id=12640, stack(0x000000001c7c0000,0x000000001c8c0000)]
  0x000000001960a800 JavaThread "Daemon health stats" [_thread_blocked, id=6212, stack(0x000000001c180000,0x000000001c280000)]
  0x0000000017ef5800 JavaThread "Service Thread" daemon [_thread_blocked, id=13068, stack(0x00000000193e0000,0x00000000194e0000)]
  0x0000000017e88000 JavaThread "C1 CompilerThread1" daemon [_thread_blocked, id=11348, stack(0x00000000192e0000,0x00000000193e0000)]
=>0x0000000017e83000 JavaThread "C2 CompilerThread0" daemon [_thread_in_native, id=2748, stack(0x00000000191e0000,0x00000000192e0000)]
  0x0000000017e81800 JavaThread "Attach Listener" daemon [_thread_blocked, id=2140, stack(0x00000000190e0000,0x00000000191e0000)]
  0x0000000017e80800 JavaThread "Signal Dispatcher" daemon [_thread_blocked, id=12188, stack(0x0000000018fe0000,0x00000000190e0000)]
  0x000000000337a000 JavaThread "Finalizer" daemon [_thread_blocked, id=3980, stack(0x0000000018dc0000,0x0000000018ec0000)]
  0x0000000017e68000 JavaThread "Reference Handler" daemon [_thread_blocked, id=12068, stack(0x0000000018cc0000,0x0000000018dc0000)]
  0x000000000327e000 JavaThread "main" [_thread_blocked, id=9916, stack(0x0000000003110000,0x0000000003210000)]

Other Threads:
  0x0000000017e45800 VMThread [stack: 0x0000000018bc0000,0x0000000018cc0000] [id=7344]
  0x0000000017efa000 WatcherThread [stack: 0x00000000194e0000,0x00000000195e0000] [id=13300]

VM state:not at safepoint (normal execution)

VM Mutex/Monitor currently owned by a thread: None

heap address: 0x0000000080000000, size: 2048 MB, Compressed Oops mode: 32-bit
Narrow klass base: 0x0000000000000000, Narrow klass shift: 3
Compressed class space size: 1073741824 Address: 0x0000000100000000

Heap:
 PSYoungGen      total 195584K, used 30718K [0x00000000d5580000, 0x00000000e5980000, 0x0000000100000000)
  eden space 177664K, 9% used [0x00000000d5580000,0x00000000d65ab730,0x00000000e0300000)
  from space 17920K, 79% used [0x00000000e0300000,0x00000000e10d4278,0x00000000e1480000)
  to   space 18944K, 0% used [0x00000000e4700000,0x00000000e4700000,0x00000000e5980000)
 ParOldGen       total 125440K, used 29577K [0x0000000080000000, 0x0000000087a80000, 0x00000000d5580000)
  object space 125440K, 23% used [0x0000000080000000,0x0000000081ce2628,0x0000000087a80000)
 Metaspace       used 63128K, capacity 65762K, committed 65832K, reserved 1105920K
  class space    used 8645K, capacity 9194K, committed 9264K, reserved 1048576K

Card table byte_map: [0x0000000012740000,0x0000000012b50000] byte_map_base: 0x0000000012340000

Marking Bits: (ParMarkBitMap*) 0x000000007338f030
 Begin Bits: [0x0000000013100000, 0x0000000015100000)
 End Bits:   [0x0000000015100000, 0x0000000017100000)

Polling page: 0x0000000001320000

CodeCache: size=245760Kb used=22051Kb max_used=22107Kb free=223708Kb
 bounds [0x0000000003380000, 0x0000000004930000, 0x0000000012380000]
 total_blobs=7831 nmethods=7036 adapters=707
 compilation: enabled

Compilation events (10 events):
Event: 33.672 Thread 0x0000000017e88000 7954       3       java.util.stream.FindOps$$Lambda$240/572388384::get (8 bytes)
Event: 33.673 Thread 0x0000000017e88000 nmethod 7954 0x000000000373ed90 code [0x000000000373ef00, 0x000000000373f1b0]
Event: 33.673 Thread 0x0000000017e88000 7955       3       java.util.stream.FindOps$FindSink$OfRef::<init> (5 bytes)
Event: 33.674 Thread 0x0000000017e88000 nmethod 7955 0x0000000003972710 code [0x0000000003972880, 0x0000000003972a90]
Event: 33.674 Thread 0x0000000017e88000 7956       3       java.util.stream.FindOps$FindSink::<init> (5 bytes)
Event: 33.675 Thread 0x0000000017e88000 nmethod 7956 0x0000000003d85390 code [0x0000000003d854e0, 0x0000000003d85690]
Event: 33.675 Thread 0x0000000017e88000 7957       3       java.io.FileDescriptor::access$102 (7 bytes)
Event: 33.676 Thread 0x0000000017e88000 nmethod 7957 0x00000000038f0190 code [0x00000000038f02e0, 0x00000000038f0410]
Event: 33.676 Thread 0x0000000017e88000 7958       3       java.io.FileDescriptor$1::setHandle (7 bytes)
Event: 33.676 Thread 0x0000000017e88000 nmethod 7958 0x000000000396d8d0 code [0x000000000396da40, 0x000000000396dbf0]

GC Heap History (10 events):
Event: 17.798 GC heap before
{Heap before GC invocations=12 (full 2):
 PSYoungGen      total 113152K, used 101376K [0x00000000d5580000, 0x00000000df980000, 0x0000000100000000)
  eden space 101376K, 100% used [0x00000000d5580000,0x00000000db880000,0x00000000db880000)
  from space 11776K, 0% used [0x00000000db880000,0x00000000db880000,0x00000000dc400000)
  to   space 11776K, 0% used [0x00000000dee00000,0x00000000dee00000,0x00000000df980000)
 ParOldGen       total 86528K, used 15035K [0x0000000080000000, 0x0000000085480000, 0x00000000d5580000)
  object space 86528K, 17% used [0x0000000080000000,0x0000000080eaee78,0x0000000085480000)
 Metaspace       used 43251K, capacity 44738K, committed 44968K, reserved 1087488K
  class space    used 5869K, capacity 6253K, committed 6320K, reserved 1048576K
Event: 17.854 GC heap after
Heap after GC invocations=12 (full 2):
 PSYoungGen      total 146944K, used 11705K [0x00000000d5580000, 0x00000000df980000, 0x0000000100000000)
  eden space 135168K, 0% used [0x00000000d5580000,0x00000000d5580000,0x00000000dd980000)
  from space 11776K, 99% used [0x00000000dee00000,0x00000000df96e7c8,0x00000000df980000)
  to   space 13312K, 0% used [0x00000000ddf80000,0x00000000ddf80000,0x00000000dec80000)
 ParOldGen       total 86528K, used 15043K [0x0000000080000000, 0x0000000085480000, 0x00000000d5580000)
  object space 86528K, 17% used [0x0000000080000000,0x0000000080eb0e78,0x0000000085480000)
 Metaspace       used 43251K, capacity 44738K, committed 44968K, reserved 1087488K
  class space    used 5869K, capacity 6253K, committed 6320K, reserved 1048576K
}
Event: 22.438 GC heap before
{Heap before GC invocations=13 (full 2):
 PSYoungGen      total 146944K, used 146873K [0x00000000d5580000, 0x00000000df980000, 0x0000000100000000)
  eden space 135168K, 100% used [0x00000000d5580000,0x00000000dd980000,0x00000000dd980000)
  from space 11776K, 99% used [0x00000000dee00000,0x00000000df96e7c8,0x00000000df980000)
  to   space 13312K, 0% used [0x00000000ddf80000,0x00000000ddf80000,0x00000000dec80000)
 ParOldGen       total 86528K, used 15043K [0x0000000080000000, 0x0000000085480000, 0x00000000d5580000)
  object space 86528K, 17% used [0x0000000080000000,0x0000000080eb0e78,0x0000000085480000)
 Metaspace       used 54391K, capacity 56418K, committed 56616K, reserved 1097728K
  class space    used 7406K, capacity 7870K, committed 7984K, reserved 1048576K
Event: 22.491 GC heap after
Heap after GC invocations=13 (full 2):
 PSYoungGen      total 154624K, used 13310K [0x00000000d5580000, 0x00000000e2600000, 0x0000000100000000)
  eden space 141312K, 0% used [0x00000000d5580000,0x00000000d5580000,0x00000000ddf80000)
  from space 13312K, 99% used [0x00000000ddf80000,0x00000000dec7f808,0x00000000dec80000)
  to   space 17920K, 0% used [0x00000000e1480000,0x00000000e1480000,0x00000000e2600000)
 ParOldGen       total 86528K, used 23464K [0x0000000080000000, 0x0000000085480000, 0x00000000d5580000)
  object space 86528K, 27% used [0x0000000080000000,0x00000000816ea238,0x0000000085480000)
 Metaspace       used 54391K, capacity 56418K, committed 56616K, reserved 1097728K
  class space    used 7406K, capacity 7870K, committed 7984K, reserved 1048576K
}
Event: 23.316 GC heap before
{Heap before GC invocations=14 (full 2):
 PSYoungGen      total 154624K, used 46116K [0x00000000d5580000, 0x00000000e2600000, 0x0000000100000000)
  eden space 141312K, 23% used [0x00000000d5580000,0x00000000d7589b40,0x00000000ddf80000)
  from space 13312K, 99% used [0x00000000ddf80000,0x00000000dec7f808,0x00000000dec80000)
  to   space 17920K, 0% used [0x00000000e1480000,0x00000000e1480000,0x00000000e2600000)
 ParOldGen       total 86528K, used 23464K [0x0000000080000000, 0x0000000085480000, 0x00000000d5580000)
  object space 86528K, 27% used [0x0000000080000000,0x00000000816ea238,0x0000000085480000)
 Metaspace       used 57004K, capacity 59024K, committed 59160K, reserved 1099776K
  class space    used 7807K, capacity 8273K, committed 8368K, reserved 1048576K
Event: 23.354 GC heap after
Heap after GC invocations=14 (full 2):
 PSYoungGen      total 195584K, used 3256K [0x00000000d5580000, 0x00000000e3380000, 0x0000000100000000)
  eden space 177664K, 0% used [0x00000000d5580000,0x00000000d5580000,0x00000000e0300000)
  from space 17920K, 18% used [0x00000000e1480000,0x00000000e17ae350,0x00000000e2600000)
  to   space 17920K, 0% used [0x00000000e0300000,0x00000000e0300000,0x00000000e1480000)
 ParOldGen       total 86528K, used 32709K [0x0000000080000000, 0x0000000085480000, 0x00000000d5580000)
  object space 86528K, 37% used [0x0000000080000000,0x0000000081ff17b0,0x0000000085480000)
 Metaspace       used 57004K, capacity 59024K, committed 59160K, reserved 1099776K
  class space    used 7807K, capacity 8273K, committed 8368K, reserved 1048576K
}
Event: 23.354 GC heap before
{Heap before GC invocations=15 (full 3):
 PSYoungGen      total 195584K, used 3256K [0x00000000d5580000, 0x00000000e3380000, 0x0000000100000000)
  eden space 177664K, 0% used [0x00000000d5580000,0x00000000d5580000,0x00000000e0300000)
  from space 17920K, 18% used [0x00000000e1480000,0x00000000e17ae350,0x00000000e2600000)
  to   space 17920K, 0% used [0x00000000e0300000,0x00000000e0300000,0x00000000e1480000)
 ParOldGen       total 86528K, used 32709K [0x0000000080000000, 0x0000000085480000, 0x00000000d5580000)
  object space 86528K, 37% used [0x0000000080000000,0x0000000081ff17b0,0x0000000085480000)
 Metaspace       used 57004K, capacity 59024K, committed 59160K, reserved 1099776K
  class space    used 7807K, capacity 8273K, committed 8368K, reserved 1048576K
Event: 23.744 GC heap after
Heap after GC invocations=15 (full 3):
 PSYoungGen      total 195584K, used 0K [0x00000000d5580000, 0x00000000e3380000, 0x0000000100000000)
  eden space 177664K, 0% used [0x00000000d5580000,0x00000000d5580000,0x00000000e0300000)
  from space 17920K, 0% used [0x00000000e1480000,0x00000000e1480000,0x00000000e2600000)
  to   space 17920K, 0% used [0x00000000e0300000,0x00000000e0300000,0x00000000e1480000)
 ParOldGen       total 125440K, used 29569K [0x0000000080000000, 0x0000000087a80000, 0x00000000d5580000)
  object space 125440K, 23% used [0x0000000080000000,0x0000000081ce0628,0x0000000087a80000)
 Metaspace       used 57000K, capacity 59012K, committed 59160K, reserved 1099776K
  class space    used 7805K, capacity 8271K, committed 8368K, reserved 1048576K
}
Event: 32.958 GC heap before
{Heap before GC invocations=16 (full 3):
 PSYoungGen      total 195584K, used 177664K [0x00000000d5580000, 0x00000000e3380000, 0x0000000100000000)
  eden space 177664K, 100% used [0x00000000d5580000,0x00000000e0300000,0x00000000e0300000)
  from space 17920K, 0% used [0x00000000e1480000,0x00000000e1480000,0x00000000e2600000)
  to   space 17920K, 0% used [0x00000000e0300000,0x00000000e0300000,0x00000000e1480000)
 ParOldGen       total 125440K, used 29569K [0x0000000080000000, 0x0000000087a80000, 0x00000000d5580000)
  object space 125440K, 23% used [0x0000000080000000,0x0000000081ce0628,0x0000000087a80000)
 Metaspace       used 62888K, capacity 65518K, committed 65832K, reserved 1105920K
  class space    used 8619K, capacity 9186K, committed 9264K, reserved 1048576K
Event: 33.008 GC heap after
Heap after GC invocations=16 (full 3):
 PSYoungGen      total 195584K, used 14160K [0x00000000d5580000, 0x00000000e5980000, 0x0000000100000000)
  eden space 177664K, 0% used [0x00000000d5580000,0x00000000d5580000,0x00000000e0300000)
  from space 17920K, 79% used [0x00000000e0300000,0x00000000e10d4278,0x00000000e1480000)
  to   space 18944K, 0% used [0x00000000e4700000,0x00000000e4700000,0x00000000e5980000)
 ParOldGen       total 125440K, used 29577K [0x0000000080000000, 0x0000000087a80000, 0x00000000d5580000)
  object space 125440K, 23% used [0x0000000080000000,0x0000000081ce2628,0x0000000087a80000)
 Metaspace       used 62888K, capacity 65518K, committed 65832K, reserved 1105920K
  class space    used 8619K, capacity 9186K, committed 9264K, reserved 1048576K
}

Deoptimization events (10 events):
Event: 32.183 Thread 0x000000001ea38800 Uncommon trap: reason=bimorphic action=maybe_recompile pc=0x00000000047e5f28 method=com.sun.org.apache.xerces.internal.dom.NamedNodeMapImpl.findNamePoint(Ljava/lang/String;I)I @ 57
Event: 32.211 Thread 0x000000001ea38800 Uncommon trap: reason=class_check action=maybe_recompile pc=0x000000000481f6e8 method=com.sun.org.apache.xerces.internal.dom.ElementImpl.getAttributes()Lorg/w3c/dom/NamedNodeMap; @ 8
Event: 32.223 Thread 0x000000001ea38800 Uncommon trap: reason=class_check action=maybe_recompile pc=0x000000000481f6e8 method=com.sun.org.apache.xerces.internal.dom.ElementImpl.getAttributes()Lorg/w3c/dom/NamedNodeMap; @ 8
Event: 32.224 Thread 0x000000001ea38800 Uncommon trap: reason=class_check action=maybe_recompile pc=0x000000000481f6e8 method=com.sun.org.apache.xerces.internal.dom.ElementImpl.getAttributes()Lorg/w3c/dom/NamedNodeMap; @ 8
Event: 32.224 Thread 0x000000001ea38800 Uncommon trap: reason=class_check action=maybe_recompile pc=0x000000000481f6e8 method=com.sun.org.apache.xerces.internal.dom.ElementImpl.getAttributes()Lorg/w3c/dom/NamedNodeMap; @ 8
Event: 32.912 Thread 0x000000001b35f000 Uncommon trap: reason=bimorphic action=maybe_recompile pc=0x0000000003992094 method=com.google.common.base.Equivalence$Equals.doEquivalent(Ljava/lang/Object;Ljava/lang/Object;)Z @ 2
Event: 32.933 Thread 0x000000001b35f000 Uncommon trap: reason=bimorphic action=maybe_recompile pc=0x0000000003869910 method=com.google.common.base.Equivalence$Equals.doEquivalent(Ljava/lang/Object;Ljava/lang/Object;)Z @ 2
Event: 33.012 Thread 0x000000001b35f000 Uncommon trap: reason=unstable_if action=reinterpret pc=0x00000000041fd364 method=com.google.common.collect.MapMakerInternalMap$Segment.drainKeyReferenceQueue(Ljava/lang/ref/ReferenceQueue;)V @ 8
Event: 33.372 Thread 0x000000001ea40000 Uncommon trap: reason=unstable_if action=reinterpret pc=0x0000000003c84098 method=org.gradle.internal.snapshot.PathUtil.equalChars(CCLorg/gradle/internal/snapshot/CaseSensitivity;)Z @ 40
Event: 33.372 Thread 0x000000001ea40000 Uncommon trap: reason=unstable_if action=reinterpret pc=0x0000000003d19e80 method=org.gradle.internal.snapshot.PathUtil.equalChars(CCLorg/gradle/internal/snapshot/CaseSensitivity;)Z @ 40

Classes redefined (0 events):
No events

Internal exceptions (10 events):
Event: 28.919 Thread 0x000000001b31a800 Exception <a 'java/lang/NoSuchMethodError': <clinit>> (0x00000000d562fdd0) thrown at [C:\src\AOSP-openjdk-git\hotspot\src\share\vm\prims\jni.cpp, line 1615]
Event: 28.989 Thread 0x000000001b31a800 Exception <a 'java/lang/NoSuchMethodError': <clinit>> (0x00000000d563caf0) thrown at [C:\src\AOSP-openjdk-git\hotspot\src\share\vm\prims\jni.cpp, line 1615]
Event: 28.991 Thread 0x000000001b31a800 Exception <a 'java/lang/NoSuchMethodError': <clinit>> (0x00000000dafea1d0) thrown at [C:\src\AOSP-openjdk-git\hotspot\src\share\vm\prims\jni.cpp, line 1615]
Event: 28.991 Thread 0x000000001b31a800 Exception <a 'java/lang/NoSuchMethodError': <clinit>> (0x00000000dafebd08) thrown at [C:\src\AOSP-openjdk-git\hotspot\src\share\vm\prims\jni.cpp, line 1615]
Event: 29.250 Thread 0x000000001b31a800 Exception <a 'java/lang/NoSuchMethodError': <clinit>> (0x00000000daff8d48) thrown at [C:\src\AOSP-openjdk-git\hotspot\src\share\vm\prims\jni.cpp, line 1615]
Event: 31.508 Thread 0x000000001ea38800 Implicit null exception at 0x00000000040b4c5e to 0x00000000040b4de1
Event: 32.507 Thread 0x000000001ea38800 Exception <a 'java/lang/NoSuchMethodError': <clinit>> (0x00000000dfb27728) thrown at [C:\src\AOSP-openjdk-git\hotspot\src\share\vm\prims\jni.cpp, line 1615]
Event: 32.508 Thread 0x000000001ea38800 Exception <a 'java/lang/NoSuchMethodError': <clinit>> (0x00000000dfb38028) thrown at [C:\src\AOSP-openjdk-git\hotspot\src\share\vm\prims\jni.cpp, line 1615]
Event: 32.510 Thread 0x000000001ea38800 Exception <a 'java/lang/NoSuchMethodError': <clinit>> (0x00000000dfb48448) thrown at [C:\src\AOSP-openjdk-git\hotspot\src\share\vm\prims\jni.cpp, line 1615]
Event: 32.512 Thread 0x000000001ea38800 Exception <a 'java/lang/NoSuchMethodError': <clinit>> (0x00000000dfb5bd40) thrown at [C:\src\AOSP-openjdk-git\hotspot\src\share\vm\prims\jni.cpp, line 1615]

Events (10 events):
Event: 33.680 loading class org/gradle/internal/execution/history/changes/DefaultIncrementalInputProperties
Event: 33.680 loading class org/gradle/internal/execution/history/changes/DefaultIncrementalInputProperties done
Event: 33.680 loading class com/google/common/collect/Maps$FilteredEntryMap$EntrySet
Event: 33.680 loading class com/google/common/collect/Maps$FilteredEntryMap$EntrySet done
Event: 33.681 loading class com/google/common/collect/ForwardingSet
Event: 33.681 loading class com/google/common/collect/ForwardingSet done
Event: 33.682 loading class com/google/common/collect/ForwardingCollection
Event: 33.682 loading class com/google/common/collect/ForwardingCollection done
Event: 33.684 loading class com/google/common/collect/ForwardingObject
Event: 33.684 loading class com/google/common/collect/ForwardingObject done


Dynamic libraries:
0x00007ff6f6ca0000 - 0x00007ff6f6cd1000 	C:\Program Files\Android\Android Studio\jre\bin\java.exe
0x00007fff0bba0000 - 0x00007fff0bd90000 	C:\WINDOWS\SYSTEM32\ntdll.dll
0x00007fff0b680000 - 0x00007fff0b732000 	C:\WINDOWS\System32\KERNEL32.DLL
0x00007fff09460000 - 0x00007fff09704000 	C:\WINDOWS\System32\KERNELBASE.dll
0x00007fff0a2a0000 - 0x00007fff0a343000 	C:\WINDOWS\System32\ADVAPI32.dll
0x00007fff09c50000 - 0x00007fff09cee000 	C:\WINDOWS\System32\msvcrt.dll
0x00007fff0b770000 - 0x00007fff0b807000 	C:\WINDOWS\System32\sechost.dll
0x00007fff0a470000 - 0x00007fff0a590000 	C:\WINDOWS\System32\RPCRT4.dll
0x00007fff0b900000 - 0x00007fff0ba94000 	C:\WINDOWS\System32\USER32.dll
0x00007fff09c20000 - 0x00007fff09c41000 	C:\WINDOWS\System32\win32u.dll
0x00007fff0b000000 - 0x00007fff0b026000 	C:\WINDOWS\System32\GDI32.dll
0x00007fff09710000 - 0x00007fff098a4000 	C:\WINDOWS\System32\gdi32full.dll
0x00007fff099b0000 - 0x00007fff09a4e000 	C:\WINDOWS\System32\msvcp_win.dll
0x00007fff098b0000 - 0x00007fff099aa000 	C:\WINDOWS\System32\ucrtbase.dll
0x00007ffef9bf0000 - 0x00007ffef9e74000 	C:\WINDOWS\WinSxS\amd64_microsoft.windows.common-controls_6595b64144ccf1df_6.0.18362.836_none_e6c4b943130f18ed\COMCTL32.dll
0x00007fff0b030000 - 0x00007fff0b366000 	C:\WINDOWS\System32\combase.dll
0x00007fff09ba0000 - 0x00007fff09c20000 	C:\WINDOWS\System32\bcryptPrimitives.dll
0x00007fff0b740000 - 0x00007fff0b76e000 	C:\WINDOWS\System32\IMM32.DLL
0x0000000072a00000 - 0x0000000072ad2000 	C:\Program Files\Android\Android Studio\jre\jre\bin\msvcr100.dll
0x0000000072bc0000 - 0x000000007340b000 	C:\Program Files\Android\Android Studio\jre\jre\bin\server\jvm.dll
0x00007fff0b440000 - 0x00007fff0b448000 	C:\WINDOWS\System32\PSAPI.DLL
0x00007fff06490000 - 0x00007fff064b4000 	C:\WINDOWS\SYSTEM32\WINMM.dll
0x00007fff074a0000 - 0x00007fff074a9000 	C:\WINDOWS\SYSTEM32\WSOCK32.dll
0x00007fff0b810000 - 0x00007fff0b87f000 	C:\WINDOWS\System32\WS2_32.dll
0x00007fff073d0000 - 0x00007fff073da000 	C:\WINDOWS\SYSTEM32\VERSION.dll
0x00007fff06460000 - 0x00007fff0648d000 	C:\WINDOWS\SYSTEM32\WINMMBASE.dll
0x00007fff093e0000 - 0x00007fff0942a000 	C:\WINDOWS\System32\cfgmgr32.dll
0x00007fff04ef0000 - 0x00007fff04eff000 	C:\Program Files\Android\Android Studio\jre\jre\bin\verify.dll
0x00007ffef96f0000 - 0x00007ffef9719000 	C:\Program Files\Android\Android Studio\jre\jre\bin\java.dll
0x00007ffef95f0000 - 0x00007ffef9606000 	C:\Program Files\Android\Android Studio\jre\jre\bin\zip.dll
0x00007fff0a7d0000 - 0x00007fff0aeb4000 	C:\WINDOWS\System32\SHELL32.dll
0x00007fff09d10000 - 0x00007fff09db9000 	C:\WINDOWS\System32\shcore.dll
0x00007fff08b90000 - 0x00007fff0930e000 	C:\WINDOWS\System32\windows.storage.dll
0x00007fff08ae0000 - 0x00007fff08b03000 	C:\WINDOWS\System32\profapi.dll
0x00007fff08a90000 - 0x00007fff08ada000 	C:\WINDOWS\System32\powrprof.dll
0x00007fff08a60000 - 0x00007fff08a70000 	C:\WINDOWS\System32\UMPDC.dll
0x00007fff0bb00000 - 0x00007fff0bb52000 	C:\WINDOWS\System32\shlwapi.dll
0x00007fff08a70000 - 0x00007fff08a81000 	C:\WINDOWS\System32\kernel.appcore.dll
0x00007fff09310000 - 0x00007fff09327000 	C:\WINDOWS\System32\cryptsp.dll
0x00007ffef9550000 - 0x00007ffef956a000 	C:\Program Files\Android\Android Studio\jre\jre\bin\net.dll
0x00007fff082d0000 - 0x00007fff08337000 	C:\WINDOWS\system32\mswsock.dll
0x00007ffef2920000 - 0x00007ffef2933000 	C:\Program Files\Android\Android Studio\jre\jre\bin\nio.dll
0x00007ffee9f50000 - 0x00007ffee9f76000 	C:\Users\Lenovo\.gradle\native\31\windows-amd64\native-platform.dll
0x00007ffefe220000 - 0x00007ffefe22d000 	C:\Program Files\Android\Android Studio\jre\jre\bin\management.dll
0x00007fff07e40000 - 0x00007fff07e73000 	C:\WINDOWS\system32\rsaenh.dll
0x00007fff09430000 - 0x00007fff09456000 	C:\WINDOWS\System32\bcrypt.dll
0x00007fff08980000 - 0x00007fff089a5000 	C:\WINDOWS\SYSTEM32\USERENV.dll
0x00007fff084a0000 - 0x00007fff084ac000 	C:\WINDOWS\SYSTEM32\CRYPTBASE.dll
0x00007fff07fe0000 - 0x00007fff0801a000 	C:\WINDOWS\SYSTEM32\IPHLPAPI.DLL
0x00007fff0a740000 - 0x00007fff0a748000 	C:\WINDOWS\System32\NSI.dll
0x00007ffefc470000 - 0x00007ffefc486000 	C:\WINDOWS\SYSTEM32\dhcpcsvc6.DLL
0x00007ffefc450000 - 0x00007ffefc46c000 	C:\WINDOWS\SYSTEM32\dhcpcsvc.DLL
0x00007fff08030000 - 0x00007fff080fb000 	C:\WINDOWS\SYSTEM32\DNSAPI.dll

VM Arguments:
jvm_args: -Xmx2048m -Dfile.encoding=windows-1252 -Duser.country=MX -Duser.language=es -Duser.variant 
java_command: org.gradle.launcher.daemon.bootstrap.GradleDaemon 6.1.1
java_class_path (initial): C:\Users\Lenovo\.gradle\wrapper\dists\gradle-6.1.1-all\cfmwm155h49vnt3hynmlrsdst\gradle-6.1.1\lib\gradle-launcher-6.1.1.jar
Launcher Type: SUN_STANDARD

Environment Variables:
JAVA_HOME=C:\Program Files (x86)\Java\jdk1.8.0_172
PATH=C:\ProgramData\Oracle\Java\javapath;C:\WINDOWS\system32;C:\WINDOWS;C:\WINDOWS\System32\Wbem;C:\WINDOWS\System32\WindowsPowerShell\v1.0\;C:\WINDOWS\System32\OpenSSH\;C:\Program Files\dotnet\;C:\Program Files\Java\jdk1.8.0_111\bin;C:\Program Files\Git\cmd;C:\Program Files\MySQL\MySQL Shell 8.0\bin\;C:\Users\Lenovo\AppData\Local\Microsoft\WindowsApps;
USERNAME=Aaron
OS=Windows_NT
PROCESSOR_IDENTIFIER=Intel64 Family 6 Model 78 Stepping 3, GenuineIntel



---------------  S Y S T E M  ---------------

OS: Windows 10.0 , 64 bit Build 18362 (10.0.18362.778)

CPU:total 3 (initial active 3) (2 cores per cpu, 2 threads per core) family 6 model 78 stepping 3, cmov, cx8, fxsr, mmx, sse, sse2, sse3, ssse3, sse4.1, sse4.2, popcnt, avx, avx2, aes, clmul, erms, 3dnowpref, lzcnt, ht, tsc, tscinvbit, bmi1, bmi2, adx

Memory: 4k page, physical 8260324k(406636k free), swap 12159716k(4152k free)

vm_info: OpenJDK 64-Bit Server VM (25.242-b01) for windows-amd64 JRE (1.8.0_242-release-1644-b01), built by "builder" with MS VC++ 10.0 (VS2010)

time: Fri May 29 16:05:27 2020
timezone: Hora verano, Montañas (México)
elapsed time: 33 seconds (0d 0h 0m 33s)

